11/06/2024 - Start
---------- Projeto: FrontOffice - Back----------
Transversal - OK
From https://git.quipux.com/quipux/utilidades
 * branch            development -> FETCH_HEAD
Already up to date.

Conf - OK
From https://git.quipux.com/quipux/conf
 * branch              development -> FETCH_HEAD
Already up to date.

Core - OK
From https://git.quipux.com/quipux/plugin-core-backend-qits2
 * branch              development -> FETCH_HEAD
Already up to date.

Commons - OK
From https://git.quipux.com/quipux/plugin-commons-backend
 * branch              Feature_Registrar_Etapa_Externa_Solicitud -> FETCH_HEAD
Already up to date.

Alertas - OK
From https://git.quipux.com/quipux/plugin-alertas-frontoffice
 * branch            brasil     -> FETCH_HEAD
Already up to date.

Gestion atencion - OK
From https://git.quipux.com/quipux/plugin-gestion-atencion-backoffice
 * branch                development -> FETCH_HEAD
Already up to date.

Integrador qxtransito - OK
From https://git.quipux.com/quipux/plugin-integrador-qxtransito
 * branch              development -> FETCH_HEAD
Already up to date.

Login BDJWT - OK
From https://git.quipux.com/quipux/plugin-login-bdjwt
 * branch            development -> FETCH_HEAD
Already up to date.

Registro ciudadano Brasil - OK
From https://git.quipux.com/quipux/plugin-registro-ciudadano-brasil-backend
 * branch            development -> FETCH_HEAD
Already up to date.

Servicios digitales - OK
From https://git.quipux.com/quipux/plugin-servicios-digitales-backoffice-brasil
 * branch              development -> FETCH_HEAD
Already up to date.

Base back qits2 - OK
From https://git.quipux.com/quipux/base-back-qits2
 * branch            development -> FETCH_HEAD
Already up to date.

---------- Projeto: FrontOffice - Front----------
Plugin alertas - OK
From https://git.quipux.com/quipux/plugin-alertas-frontoffice
 * branch            development -> FETCH_HEAD
Already up to date.

Plugin alertas frontoffice - OK
From https://git.quipux.com/quipux/plugin-alertas-frontoffice-frontend-brasil
 * branch            development -> FETCH_HEAD
Already up to date.

Plugin gestion atencion - OK
From https://git.quipux.com/quipux/plugin-gestion-atencion-frontoffice-frontend
 * branch            development -> FETCH_HEAD
Already up to date.

Plugin home shopping - OK
From https://git.quipux.com/quipux/plugin-home-shopping-frontoffice
 * branch            development -> FETCH_HEAD
Already up to date.

Plugin login bdjwt - OK
From https://git.quipux.com/quipux/plugin-login-bdjwt
 * branch            development -> FETCH_HEAD
Already up to date.

Plugin login brasil - OK
From https://git.quipux.com/quipux/plugin-login-brasil-frontoffice-frontend
 * branch            development -> FETCH_HEAD
Already up to date.

Plugin registro ciudadano - OK
From https://git.quipux.com/quipux/plugin-registro-ciudadano-shopping-frontoffice-frontend
 * branch            development -> FETCH_HEAD
Already up to date.

Plugin solicitudes - OK
From https://git.quipux.com/quipux/plugin-solicitudes-frontoffice
 * branch            development -> FETCH_HEAD
Already up to date.

Plugin solicitudes shopping - OK
warning: redirecting to https://git.quipux.com/quipux/plugin-solicitudes-shopping-frontoffice-frontend.git/
From https://git.quipux.com/quipux/plugin-solicitudes-shopping-frontoffice-frontend
 * branch            development -> FETCH_HEAD
Already up to date.

**************************************** FrontOffice - Front - Gulp OK ****************************************
[09:25:09] Using gulpfile ~\Documents\Quipux\frontOfficeBrasil\fontes\base-frontoffice-front\implementacion\gulpfile.js
[09:25:09] Starting 'dist'...
[09:25:09] Starting 'clean'...
[09:25:09] Finished 'clean' after 34 ms
[09:25:09] Starting 'generate-plugins'...
[
  'plugins/plugin-home-shopping-frontoffice/modulos/**/*.html',
  'plugins/plugin-home-shopping-frontoffice/modulos/**/*ControllerImpl.js',
  'plugins/plugin-home-shopping-frontoffice/modulos/**/*Validator.js',
  'plugins/plugin-home-shopping-frontoffice/modulos/**/*.css',
  'plugins/plugin-home-shopping-frontoffice/modulos/**/**/*.html',
  'plugins/plugin-home-shopping-frontoffice/modulos/**/**/*ControllerImpl.js',
  'plugins/plugin-home-shopping-frontoffice/modulos/**/**/*Validator.js',
  'plugins/plugin-home-shopping-frontoffice/modulos/**/**/*.css',
  'plugins/plugin-home-shopping-frontoffice/modulos/**/**/**/*.html',
  'plugins/plugin-home-shopping-frontoffice/modulos/**/**/**/*ControllerImpl.js',
  'plugins/plugin-home-shopping-frontoffice/modulos/**/**/**/*Validator.js',
  'plugins/plugin-home-shopping-frontoffice/modulos/**/**/**/*.css',
  'plugins/plugin-home-shopping-frontoffice/modulos/**/**/**/**/*.html',
  'plugins/plugin-home-shopping-frontoffice/modulos/**/**/**/**/*ControllerImpl.js',
  'plugins/plugin-home-shopping-frontoffice/modulos/**/**/**/**/*Validator.js',
  'plugins/plugin-home-shopping-frontoffice/modulos/**/**/**/**/*.css',
  'plugins/plugin-home-shopping-frontoffice/modulos/**/**/**/**/**/*.html',
  'plugins/plugin-home-shopping-frontoffice/modulos/**/**/**/**/**/*ControllerImpl.js',
  'plugins/plugin-home-shopping-frontoffice/modulos/**/**/**/**/**/*Validator.js',
  'plugins/plugin-home-shopping-frontoffice/modulos/**/**/**/**/**/*.css',
  'plugins/plugin-solicitudes-shopping-frontoffice-frontend/solicitudes-shopping-frontoffice-frontend/modulos/**/*.html',
  'plugins/plugin-solicitudes-shopping-frontoffice-frontend/solicitudes-shopping-frontoffice-frontend/modulos/**/*ControllerImpl.js',
  'plugins/plugin-solicitudes-shopping-frontoffice-frontend/solicitudes-shopping-frontoffice-frontend/modulos/**/*Validator.js',
  'plugins/plugin-solicitudes-shopping-frontoffice-frontend/solicitudes-shopping-frontoffice-frontend/modulos/**/*.css',
  'plugins/plugin-solicitudes-shopping-frontoffice-frontend/solicitudes-shopping-frontoffice-frontend/modulos/**/**/*.html',
  'plugins/plugin-solicitudes-shopping-frontoffice-frontend/solicitudes-shopping-frontoffice-frontend/modulos/**/**/*ControllerImpl.js',
  'plugins/plugin-solicitudes-shopping-frontoffice-frontend/solicitudes-shopping-frontoffice-frontend/modulos/**/**/*Validator.js',
  'plugins/plugin-solicitudes-shopping-frontoffice-frontend/solicitudes-shopping-frontoffice-frontend/modulos/**/**/*.css',
  'plugins/plugin-solicitudes-shopping-frontoffice-frontend/solicitudes-shopping-frontoffice-frontend/modulos/**/**/**/*.html',
  'plugins/plugin-solicitudes-shopping-frontoffice-frontend/solicitudes-shopping-frontoffice-frontend/modulos/**/**/**/*ControllerImpl.js',
  'plugins/plugin-solicitudes-shopping-frontoffice-frontend/solicitudes-shopping-frontoffice-frontend/modulos/**/**/**/*Validator.js',
  'plugins/plugin-solicitudes-shopping-frontoffice-frontend/solicitudes-shopping-frontoffice-frontend/modulos/**/**/**/*.css',
  'plugins/plugin-solicitudes-shopping-frontoffice-frontend/solicitudes-shopping-frontoffice-frontend/modulos/**/**/**/**/*.html',
  'plugins/plugin-solicitudes-shopping-frontoffice-frontend/solicitudes-shopping-frontoffice-frontend/modulos/**/**/**/**/*ControllerImpl.js',
  'plugins/plugin-solicitudes-shopping-frontoffice-frontend/solicitudes-shopping-frontoffice-frontend/modulos/**/**/**/**/*Validator.js',
  'plugins/plugin-solicitudes-shopping-frontoffice-frontend/solicitudes-shopping-frontoffice-frontend/modulos/**/**/**/**/*.css',
  'plugins/plugin-solicitudes-shopping-frontoffice-frontend/solicitudes-shopping-frontoffice-frontend/modulos/**/**/**/**/**/*.html',
  'plugins/plugin-solicitudes-shopping-frontoffice-frontend/solicitudes-shopping-frontoffice-frontend/modulos/**/**/**/**/**/*ControllerImpl.js',
  'plugins/plugin-solicitudes-shopping-frontoffice-frontend/solicitudes-shopping-frontoffice-frontend/modulos/**/**/**/**/**/*Validator.js',
  'plugins/plugin-solicitudes-shopping-frontoffice-frontend/solicitudes-shopping-frontoffice-frontend/modulos/**/**/**/**/**/*.css',
  'plugins/plugin-registro-ciudadano-shopping-frontoffice-frontend/modulos/**/*.html',
  'plugins/plugin-registro-ciudadano-shopping-frontoffice-frontend/modulos/**/*ControllerImpl.js',
  'plugins/plugin-registro-ciudadano-shopping-frontoffice-frontend/modulos/**/*Validator.js',
  'plugins/plugin-registro-ciudadano-shopping-frontoffice-frontend/modulos/**/*.css',
  'plugins/plugin-registro-ciudadano-shopping-frontoffice-frontend/modulos/**/**/*.html',
  'plugins/plugin-registro-ciudadano-shopping-frontoffice-frontend/modulos/**/**/*ControllerImpl.js',
  'plugins/plugin-registro-ciudadano-shopping-frontoffice-frontend/modulos/**/**/*Validator.js',
  'plugins/plugin-registro-ciudadano-shopping-frontoffice-frontend/modulos/**/**/*.css',
  'plugins/plugin-registro-ciudadano-shopping-frontoffice-frontend/modulos/**/**/**/*.html',
  'plugins/plugin-registro-ciudadano-shopping-frontoffice-frontend/modulos/**/**/**/*ControllerImpl.js',
  'plugins/plugin-registro-ciudadano-shopping-frontoffice-frontend/modulos/**/**/**/*Validator.js',
  'plugins/plugin-registro-ciudadano-shopping-frontoffice-frontend/modulos/**/**/**/*.css',
  'plugins/plugin-registro-ciudadano-shopping-frontoffice-frontend/modulos/**/**/**/**/*.html',
  'plugins/plugin-registro-ciudadano-shopping-frontoffice-frontend/modulos/**/**/**/**/*ControllerImpl.js',
  'plugins/plugin-registro-ciudadano-shopping-frontoffice-frontend/modulos/**/**/**/**/*Validator.js',
  'plugins/plugin-registro-ciudadano-shopping-frontoffice-frontend/modulos/**/**/**/**/*.css',
  'plugins/plugin-registro-ciudadano-shopping-frontoffice-frontend/modulos/**/**/**/**/**/*.html',
  'plugins/plugin-registro-ciudadano-shopping-frontoffice-frontend/modulos/**/**/**/**/**/*ControllerImpl.js',
  'plugins/plugin-registro-ciudadano-shopping-frontoffice-frontend/modulos/**/**/**/**/**/*Validator.js',
  'plugins/plugin-registro-ciudadano-shopping-frontoffice-frontend/modulos/**/**/**/**/**/*.css',
  'plugins/plugin-gestion-atencion-frontoffice-frontend/modulos/**/*.html',
  'plugins/plugin-gestion-atencion-frontoffice-frontend/modulos/**/*ControllerImpl.js',
  'plugins/plugin-gestion-atencion-frontoffice-frontend/modulos/**/*Validator.js',
  'plugins/plugin-gestion-atencion-frontoffice-frontend/modulos/**/*.css',
  'plugins/plugin-gestion-atencion-frontoffice-frontend/modulos/**/**/*.html',
  'plugins/plugin-gestion-atencion-frontoffice-frontend/modulos/**/**/*ControllerImpl.js',
  'plugins/plugin-gestion-atencion-frontoffice-frontend/modulos/**/**/*Validator.js',
  'plugins/plugin-gestion-atencion-frontoffice-frontend/modulos/**/**/*.css',
  'plugins/plugin-gestion-atencion-frontoffice-frontend/modulos/**/**/**/*.html',
  'plugins/plugin-gestion-atencion-frontoffice-frontend/modulos/**/**/**/*ControllerImpl.js',
  'plugins/plugin-gestion-atencion-frontoffice-frontend/modulos/**/**/**/*Validator.js',
  'plugins/plugin-gestion-atencion-frontoffice-frontend/modulos/**/**/**/*.css',
  'plugins/plugin-gestion-atencion-frontoffice-frontend/modulos/**/**/**/**/*.html',
  'plugins/plugin-gestion-atencion-frontoffice-frontend/modulos/**/**/**/**/*ControllerImpl.js',
  'plugins/plugin-gestion-atencion-frontoffice-frontend/modulos/**/**/**/**/*Validator.js',
  'plugins/plugin-gestion-atencion-frontoffice-frontend/modulos/**/**/**/**/*.css',
  'plugins/plugin-gestion-atencion-frontoffice-frontend/modulos/**/**/**/**/**/*.html',
  'plugins/plugin-gestion-atencion-frontoffice-frontend/modulos/**/**/**/**/**/*ControllerImpl.js',
  'plugins/plugin-gestion-atencion-frontoffice-frontend/modulos/**/**/**/**/**/*Validator.js',
  'plugins/plugin-gestion-atencion-frontoffice-frontend/modulos/**/**/**/**/**/*.css',
  'plugins/plugin-login-brasil-frontoffice-frontend/modulos/**/*.html',
  'plugins/plugin-login-brasil-frontoffice-frontend/modulos/**/*ControllerImpl.js',
  'plugins/plugin-login-brasil-frontoffice-frontend/modulos/**/*Validator.js',
  'plugins/plugin-login-brasil-frontoffice-frontend/modulos/**/*.css',
  'plugins/plugin-login-brasil-frontoffice-frontend/modulos/**/**/*.html',
  'plugins/plugin-login-brasil-frontoffice-frontend/modulos/**/**/*ControllerImpl.js',
  'plugins/plugin-login-brasil-frontoffice-frontend/modulos/**/**/*Validator.js',
  'plugins/plugin-login-brasil-frontoffice-frontend/modulos/**/**/*.css',
  'plugins/plugin-login-brasil-frontoffice-frontend/modulos/**/**/**/*.html',
  'plugins/plugin-login-brasil-frontoffice-frontend/modulos/**/**/**/*ControllerImpl.js',
  'plugins/plugin-login-brasil-frontoffice-frontend/modulos/**/**/**/*Validator.js',
  'plugins/plugin-login-brasil-frontoffice-frontend/modulos/**/**/**/*.css',
  'plugins/plugin-login-brasil-frontoffice-frontend/modulos/**/**/**/**/*.html',
  'plugins/plugin-login-brasil-frontoffice-frontend/modulos/**/**/**/**/*ControllerImpl.js',
  'plugins/plugin-login-brasil-frontoffice-frontend/modulos/**/**/**/**/*Validator.js',
  'plugins/plugin-login-brasil-frontoffice-frontend/modulos/**/**/**/**/*.css',
  'plugins/plugin-login-brasil-frontoffice-frontend/modulos/**/**/**/**/**/*.html',
  'plugins/plugin-login-brasil-frontoffice-frontend/modulos/**/**/**/**/**/*ControllerImpl.js',
  'plugins/plugin-login-brasil-frontoffice-frontend/modulos/**/**/**/**/**/*Validator.js',
  'plugins/plugin-login-brasil-frontoffice-frontend/modulos/**/**/**/**/**/*.css',
  ... 20 more items
]
[
  'plugins/plugin-home-shopping-frontoffice/modulos/**/*ControllerImpl.js',
  'plugins/plugin-home-shopping-frontoffice/modulos/**/*Validator.js',
  'plugins/plugin-home-shopping-frontoffice/modulos/**/**/*ControllerImpl.js',
  'plugins/plugin-home-shopping-frontoffice/modulos/**/**/*Validator.js',
  'plugins/plugin-home-shopping-frontoffice/modulos/**/**/**/*ControllerImpl.js',
  'plugins/plugin-home-shopping-frontoffice/modulos/**/**/**/*Validator.js',
  'plugins/plugin-home-shopping-frontoffice/modulos/**/**/**/**/*ControllerImpl.js',
  'plugins/plugin-home-shopping-frontoffice/modulos/**/**/**/**/*Validator.js',
  'plugins/plugin-home-shopping-frontoffice/modulos/**/**/**/**/**/*ControllerImpl.js',
  'plugins/plugin-home-shopping-frontoffice/modulos/**/**/**/**/**/*Validator.js',
  'plugins/plugin-solicitudes-shopping-frontoffice-frontend/solicitudes-shopping-frontoffice-frontend/modulos/**/*ControllerImpl.js',
  'plugins/plugin-solicitudes-shopping-frontoffice-frontend/solicitudes-shopping-frontoffice-frontend/modulos/**/*Validator.js',
  'plugins/plugin-solicitudes-shopping-frontoffice-frontend/solicitudes-shopping-frontoffice-frontend/modulos/**/**/*ControllerImpl.js',
  'plugins/plugin-solicitudes-shopping-frontoffice-frontend/solicitudes-shopping-frontoffice-frontend/modulos/**/**/*Validator.js',
  'plugins/plugin-solicitudes-shopping-frontoffice-frontend/solicitudes-shopping-frontoffice-frontend/modulos/**/**/**/*ControllerImpl.js',
  'plugins/plugin-solicitudes-shopping-frontoffice-frontend/solicitudes-shopping-frontoffice-frontend/modulos/**/**/**/*Validator.js',
  'plugins/plugin-solicitudes-shopping-frontoffice-frontend/solicitudes-shopping-frontoffice-frontend/modulos/**/**/**/**/*ControllerImpl.js',
  'plugins/plugin-solicitudes-shopping-frontoffice-frontend/solicitudes-shopping-frontoffice-frontend/modulos/**/**/**/**/*Validator.js',
  'plugins/plugin-solicitudes-shopping-frontoffice-frontend/solicitudes-shopping-frontoffice-frontend/modulos/**/**/**/**/**/*ControllerImpl.js',
  'plugins/plugin-solicitudes-shopping-frontoffice-frontend/solicitudes-shopping-frontoffice-frontend/modulos/**/**/**/**/**/*Validator.js',
  'plugins/plugin-registro-ciudadano-shopping-frontoffice-frontend/modulos/**/*ControllerImpl.js',
  'plugins/plugin-registro-ciudadano-shopping-frontoffice-frontend/modulos/**/*Validator.js',
  'plugins/plugin-registro-ciudadano-shopping-frontoffice-frontend/modulos/**/**/*ControllerImpl.js',
  'plugins/plugin-registro-ciudadano-shopping-frontoffice-frontend/modulos/**/**/*Validator.js',
  'plugins/plugin-registro-ciudadano-shopping-frontoffice-frontend/modulos/**/**/**/*ControllerImpl.js',
  'plugins/plugin-registro-ciudadano-shopping-frontoffice-frontend/modulos/**/**/**/*Validator.js',
  'plugins/plugin-registro-ciudadano-shopping-frontoffice-frontend/modulos/**/**/**/**/*ControllerImpl.js',
  'plugins/plugin-registro-ciudadano-shopping-frontoffice-frontend/modulos/**/**/**/**/*Validator.js',
  'plugins/plugin-registro-ciudadano-shopping-frontoffice-frontend/modulos/**/**/**/**/**/*ControllerImpl.js',
  'plugins/plugin-registro-ciudadano-shopping-frontoffice-frontend/modulos/**/**/**/**/**/*Validator.js',
  'plugins/plugin-gestion-atencion-frontoffice-frontend/modulos/**/*ControllerImpl.js',
  'plugins/plugin-gestion-atencion-frontoffice-frontend/modulos/**/*Validator.js',
  'plugins/plugin-gestion-atencion-frontoffice-frontend/modulos/**/**/*ControllerImpl.js',
  'plugins/plugin-gestion-atencion-frontoffice-frontend/modulos/**/**/*Validator.js',
  'plugins/plugin-gestion-atencion-frontoffice-frontend/modulos/**/**/**/*ControllerImpl.js',
  'plugins/plugin-gestion-atencion-frontoffice-frontend/modulos/**/**/**/*Validator.js',
  'plugins/plugin-gestion-atencion-frontoffice-frontend/modulos/**/**/**/**/*ControllerImpl.js',
  'plugins/plugin-gestion-atencion-frontoffice-frontend/modulos/**/**/**/**/*Validator.js',
  'plugins/plugin-gestion-atencion-frontoffice-frontend/modulos/**/**/**/**/**/*ControllerImpl.js',
  'plugins/plugin-gestion-atencion-frontoffice-frontend/modulos/**/**/**/**/**/*Validator.js',
  'plugins/plugin-login-brasil-frontoffice-frontend/modulos/**/*ControllerImpl.js',
  'plugins/plugin-login-brasil-frontoffice-frontend/modulos/**/*Validator.js',
  'plugins/plugin-login-brasil-frontoffice-frontend/modulos/**/**/*ControllerImpl.js',
  'plugins/plugin-login-brasil-frontoffice-frontend/modulos/**/**/*Validator.js',
  'plugins/plugin-login-brasil-frontoffice-frontend/modulos/**/**/**/*ControllerImpl.js',
  'plugins/plugin-login-brasil-frontoffice-frontend/modulos/**/**/**/*Validator.js',
  'plugins/plugin-login-brasil-frontoffice-frontend/modulos/**/**/**/**/*ControllerImpl.js',
  'plugins/plugin-login-brasil-frontoffice-frontend/modulos/**/**/**/**/*Validator.js',
  'plugins/plugin-login-brasil-frontoffice-frontend/modulos/**/**/**/**/**/*ControllerImpl.js',
  'plugins/plugin-login-brasil-frontoffice-frontend/modulos/**/**/**/**/**/*Validator.js',
  'plugins/plugin-alertas-frontoffice-frontend-brasil//modulos/**/*ControllerImpl.js',
  'plugins/plugin-alertas-frontoffice-frontend-brasil//modulos/**/*Validator.js',
  'plugins/plugin-alertas-frontoffice-frontend-brasil//modulos/**/**/*ControllerImpl.js',
  'plugins/plugin-alertas-frontoffice-frontend-brasil//modulos/**/**/*Validator.js',
  'plugins/plugin-alertas-frontoffice-frontend-brasil//modulos/**/**/**/*ControllerImpl.js',
  'plugins/plugin-alertas-frontoffice-frontend-brasil//modulos/**/**/**/*Validator.js',
  'plugins/plugin-alertas-frontoffice-frontend-brasil//modulos/**/**/**/**/*ControllerImpl.js',
  'plugins/plugin-alertas-frontoffice-frontend-brasil//modulos/**/**/**/**/*Validator.js',
  'plugins/plugin-alertas-frontoffice-frontend-brasil//modulos/**/**/**/**/**/*ControllerImpl.js',
  'plugins/plugin-alertas-frontoffice-frontend-brasil//modulos/**/**/**/**/**/*Validator.js'
]
[09:25:12] gulplog v1 is deprecated. Please help your plugins update!
[09:25:12] loginrjControllerImpl.js saved 3.82 KB (8.93 KB -> 5.11 KB)
[09:25:12] tagManagerControllerImpl.js saved 359 B (733 B -> 374 B)
[09:25:12] sideBarLeftControllerImpl.js saved 1.68 KB (4.04 KB -> 2.36 KB)
[09:25:13] TopServiciosControllerImpl.js saved 321 B (936 B -> 615 B)
[09:25:13] AcercaDeControllerImpl.js saved 43 B (94 B -> 51 B)
[09:25:13] homePublicControllerImpl.js saved 3.05 KB (8.71 KB -> 5.66 KB)
[09:25:13] MantenimientoControllerImpl.js saved 35 B (91 B -> 56 B)
[09:25:13] ErrorControllerImpl.js saved 35 B (83 B -> 48 B)
[09:25:13] PreguntasFrecuentesControllerImpl.js saved 64 B (188 B -> 124 B)
[09:25:13] PuntosAtencionControllerImpl.js saved 4.14 KB (9.62 KB -> 5.48 KB)
[09:25:13] ContactenosControllerImpl.js saved 45 B (137 B -> 92 B)
[09:25:13] homePublicValidator.js saved 312 B (593 B -> 281 B)
[09:25:13] EscolasExtintasInconsistenciasControllerImpl.js saved 12.52 KB (24.38 KB -> 11.86 KB)
[09:25:13] FormularioRenachInconsistenciasControllerImpl.js saved 6.99 KB (15.82 KB -> 8.83 KB)
[09:25:13] ConsultaSegInconsControllerImpl.js saved 5.04 KB (11.36 KB -> 6.33 KB)
[09:25:13] MinhaCasaInConsistenciasControllerImpl.js saved 23.96 KB (58.64 KB -> 34.68 KB)
[09:25:13] FormularioProconInconsistenciasControllerImpl.js saved 9.73 KB (21.68 KB -> 11.96 KB)
[09:25:13] ConsultaSeguroControllerImpl.js saved 8.84 KB (19.93 KB -> 11.09 KB)
[09:25:14] CargaDocumentosGenericoControllerImpl.js saved 2.73 KB (6.32 KB -> 3.58 KB)
[09:25:14] EscolasExtintasControllerImpl.js saved 26 KB (49.41 KB -> 23.4 KB)
[09:25:14] FormularioRenachControllerImpl.js saved 10.6 KB (23.62 KB -> 13.01 KB)
[09:25:14] CargaDocumentosCiControllerImpl.js saved 2.67 KB (6.63 KB -> 3.96 KB)
[09:25:14] CorregirInconsistenciasBaseControllerImpl.js saved 2 KB (4.54 KB -> 2.54 KB)
[09:25:14] CorregirInconsistenciasControllerImpl.js saved 672 B (1.5 KB -> 867 B)
[09:25:14] SolicitudRechazadaControllerImpl.js saved 722 B (1.58 KB -> 895 B)
[09:25:14] SolicitudExitosaCiControllerImpl.js saved 1.03 KB (2.06 KB -> 1.03 KB)
[09:25:14] CargaDocumentosControllerImpl.js saved 2.12 KB (5.39 KB -> 3.27 KB)
[09:25:14] SolicitudExitosaControllerImpl.js saved 249 B (713 B -> 464 B)
[09:25:14] EfectuarCadastroControllerImpl.js saved 33.5 KB (80.32 KB -> 46.82 KB)
[09:25:14] FormularioProconControllerImpl.js saved 15.82 KB (33.31 KB -> 17.49 KB)
[09:25:14] ModalDireccionControllerImpl.js saved 4.01 KB (9.24 KB -> 5.23 KB)
[09:25:14] SolicitudExitosaGenericaControllerImpl.js saved 253 B (725 B -> 472 B)
[09:25:14] EfectuarCadastroValidator.js saved 669 B (1.88 KB -> 1.22 KB)
[09:25:14] MinhaCasaInConsistenciasValidator.js saved 881 B (2.1 KB -> 1.24 KB)
[09:25:14] registroCiudadanoControllerImpl.js saved 18.35 KB (28.31 KB -> 9.96 KB)
[09:25:14] DireccionBrasilControllerImpl.js saved 5.37 KB (11.92 KB -> 6.56 KB)
[09:25:15] cambiarContrasenaControllerImpl.js saved 936 B (2.89 KB -> 1.97 KB)
[09:25:15] recuperarContrasenaControllerImpl.js saved 1.62 KB (3.81 KB -> 2.19 KB)
[09:25:15] cambioExitosoControllerImpl.js saved 43 B (99 B -> 56 B)
[09:25:15] activarCuentaControllerImpl.js saved 452 B (1.24 KB -> 813 B)
[09:25:15] layoutRegistroControllerImpl.js saved 600 B (1.48 KB -> 914 B)
[09:25:15] miPerfilControllerImpl.js saved 12.34 KB (33.86 KB -> 21.53 KB)
[09:25:15] registroCiudadanoValidator.js saved 1.49 KB (3.48 KB -> 2 KB)
[09:25:15] DireccionBrasilValidator.js saved 750 B (1.31 KB -> 594 B)
[09:25:15] cambiarContrasenaValidator.js saved 763 B (1.74 KB -> 1020 B)
[09:25:15] recuperarContrasenaValidator.js saved 288 B (651 B -> 363 B)
[09:25:15] miPerfilValidator.js saved 2.16 KB (4.33 KB -> 2.17 KB)
[09:25:15] DescargarAppControllerImpl.js saved 1.02 KB (2.41 KB -> 1.4 KB)
[09:25:15] ConsultarCitasControllerImpl.js saved 4.59 KB (14.88 KB -> 10.29 KB)
[09:25:15] ConsultarHistorialControllerImpl.js saved 1.63 KB (4.11 KB -> 2.48 KB)
[09:25:15] CitaAgendadaControllerImpl.js saved 3.78 KB (9.77 KB -> 5.99 KB)
[09:25:15] SolicitarCitaControllerImpl.js saved 18.41 KB (44.36 KB -> 25.95 KB)
[09:25:15] sessionControllerImpl.js saved 15.7 KB (28.03 KB -> 12.33 KB)
[09:25:15] loginValidator.js saved 762 B (1.52 KB -> 793 B)
[09:25:15] AlertasControllerImpl.js saved 4.46 KB (10.19 KB -> 5.73 KB)
[09:25:15] AlertasInformativasControllerImpl.js saved 1.02 KB (2.51 KB -> 1.49 KB)
[09:25:16] Finished 'generate-plugins' after 6.6 s
[09:25:16] Starting 'vendors_aux'...
[09:25:16] Finished 'vendors_aux' after 74 ms
[09:25:16] Starting 'vendors'...
[09:25:16] Finished 'vendors' after 56 ms
[09:25:16] Starting 'core'...
[09:25:16] Finished 'core' after 23 ms
[09:25:16] Starting 'app'...
[09:25:16] Finished 'app' after 10 ms
[09:25:16] Starting 'imports'...
[09:25:16] Finished 'imports' after 9.63 ms
[09:25:16] Starting 'uglify-files'...
[09:25:16] app.js saved 16.14 KB (28.72 KB -> 12.57 KB)
[09:25:16] core.js saved 23.41 KB (45.92 KB -> 22.51 KB)
[09:25:16] imports.js saved 74 B (683 B -> 609 B)
[09:25:33] vendors.js saved 1.15 MB (3.32 MB -> 2.17 MB)
[09:25:35] vendors_aux.js saved 43.74 KB (298.36 KB -> 254.63 KB)
[[90m09:25:36[39m] Plumber found unhandled error:
 TypeError: Cannot read properties of undefined (reading 'type')
[09:25:36] Finished 'uglify-files' after 20 s
[09:25:36] Finished 'dist' after 27 s

********************************************************************************
---------- Projeto: BO - Back----------
Transversal - OK
From https://git.quipux.com/quipux/utilidades
 * branch            development -> FETCH_HEAD
Already up to date.

Conf - OK
From https://git.quipux.com/quipux/conf
 * branch              development -> FETCH_HEAD
Already up to date.

Core - OK
From https://git.quipux.com/quipux/plugin-core-backend-qits2
 * branch              development -> FETCH_HEAD
Already up to date.

Commons - OK
From https://git.quipux.com/quipux/plugin-commons-backend
 * branch              Feature_Registrar_Etapa_Externa_Solicitud -> FETCH_HEAD
Already up to date.

Login - OK
From https://git.quipux.com/quipux/plugin-login-backoffice
 * branch            development -> FETCH_HEAD
Already up to date.

Integrador qxtransito - OK
From https://git.quipux.com/quipux/plugin-integrador-qxtransito
 * branch              development -> FETCH_HEAD
Already up to date.

Administracion seguridad - OK
From https://git.quipux.com/quipux/plugin-administracion-seguridad-backoffice
 * branch            development -> FETCH_HEAD
Already up to date.

Turnos - OK
From https://git.quipux.com/quipux/plugin-visualizacion-atencion-backoffice
 * branch            development -> FETCH_HEAD
Already up to date.

Gestion atencion - OK
From https://git.quipux.com/quipux/plugin-gestion-atencion-backoffice
 * branch                development -> FETCH_HEAD
Already up to date.

Common SSDD - OK
warning: redirecting to https://git.quipux.com/quipux/plugin-common-ssdd-backoffice.git/
From https://git.quipux.com/quipux/plugin-common-ssdd-backoffice
 * branch              brasil     -> FETCH_HEAD
Already up to date.

Servicios digitales - OK
From https://git.quipux.com/quipux/plugin-servicios-digitales-backoffice-brasil
 * branch              development -> FETCH_HEAD
Already up to date.

Gestor servicio Brasil - OK
From https://git.quipux.com/quipux/plugin-gestor-servicio-brasil-backoffice
 * branch            development -> FETCH_HEAD
Already up to date.

Registro ciudadano Brasil - OK
From https://git.quipux.com/quipux/plugin-registro-ciudadano-brasil-backend
 * branch            development -> FETCH_HEAD
Already up to date.

Base back qits2 - OK
From https://git.quipux.com/quipux/base-back-qits2
 * branch            development -> FETCH_HEAD
Already up to date.

---------- Projeto: BO - Front----------
Administracion seguridad - OK
From https://git.quipux.com/quipux/plugin-administracion-seguridad-backoffice
 * branch            development -> FETCH_HEAD
Already up to date.

Common SSDD - OK
warning: redirecting to https://git.quipux.com/quipux/plugin-common-ssdd-backoffice.git/
From https://git.quipux.com/quipux/plugin-common-ssdd-backoffice
 * branch              brasil     -> FETCH_HEAD
Already up to date.

Commons backend - OK
From https://git.quipux.com/quipux/plugin-commons-backend
 * branch              Feature_Registrar_Etapa_Externa_Solicitud -> FETCH_HEAD
Already up to date.

Gestion atencion - OK
From https://git.quipux.com/quipux/plugin-gestion-atencion-backoffice
 * branch                development -> FETCH_HEAD
Already up to date.

Gestor servicio Brasil - OK
From https://git.quipux.com/quipux/plugin-gestor-servicio-brasil-backoffice
 * branch            development -> FETCH_HEAD
Already up to date.

Integrador qxtransito - OK
From https://git.quipux.com/quipux/plugin-integrador-qxtransito
 * branch              development -> FETCH_HEAD
Already up to date.

Login backoffice - OK
From https://git.quipux.com/quipux/plugin-login-backoffice
 * branch            development -> FETCH_HEAD
Already up to date.

Registro ciudadano Brasil - OK
From https://git.quipux.com/quipux/plugin-registro-ciudadano-brasil-backend
 * branch            development -> FETCH_HEAD
Already up to date.

Servicios digitales - OK
From https://git.quipux.com/quipux/plugin-servicios-digitales-backoffice-brasil
 * branch              development -> FETCH_HEAD
Already up to date.

Turnos - OK
From https://git.quipux.com/quipux/plugin-visualizacion-atencion-backoffice
 * branch            development -> FETCH_HEAD
Already up to date.

**************************************** BO - Front - Gulp OK ****************************************
[09:26:31] Using gulpfile ~\Documents\Quipux\GA\fontes\base-backoffice-front\implementacion\gulpfile.js
[09:26:31] Starting 'dist'...
[09:26:31] Starting 'generate-plugins'...
[]
[09:26:33] Finished 'generate-plugins' after 1.55 s
[09:26:33] Starting 'vendors_aux'...
[09:26:35] Finished 'vendors_aux' after 2.36 s
[09:26:35] Starting 'vendors'...
[09:26:35] Finished 'vendors' after 17 ms
[09:26:35] Starting 'core'...
[09:26:35] Finished 'core' after 23 ms
[09:26:35] Starting 'app'...
[09:26:36] Finished 'app' after 460 ms
[09:26:36] Starting 'imports'...
[09:26:36] Finished 'imports' after 100 ms
[09:26:36] Starting 'states'...
[09:26:37] Finished 'states' after 1.01 s
[09:26:37] Starting 'uglify-files'...
Successfully wrote file
[09:26:40] gulplog v1 is deprecated. Please help your plugins update!
[09:26:40] app.js saved 1.23 MB (1.61 MB -> 395.39 KB)
[09:26:44] core.js saved 1.23 MB (1.61 MB -> 395.39 KB)
[09:26:44] imports.js saved 3.19 KB (13.8 KB -> 10.62 KB)
[09:26:48] vendors.js saved 68.09 KB (594.34 KB -> 526.25 KB)
[09:27:14] vendors_aux.js saved 695.79 KB (5.59 MB -> 4.91 MB)
[09:27:17] plugins.js saved 179.3 KB (1.13 MB -> 981.5 KB)
[09:27:17] Finished 'uglify-files' after 40 s
[09:27:17] Finished 'dist' after 45 s

********************************************************************************
